2025-11-28 22:36:10,719 - INFO - 网络自动登录脚本启动
2025-11-28 22:36:10,720 - INFO - 检查间隔: 5.0 小时
2025-11-28 22:36:10,720 - INFO - ==================================================
2025-11-28 22:36:10,720 - INFO - 开始执行登录检查 - 2025-11-28 22:36:10.720762
2025-11-28 22:36:26,017 - INFO - 开始登录...
2025-11-28 22:36:36,062 - ERROR - 登录失败：页面元素加载超时
2025-11-28 22:36:36,062 - WARNING - 登录失败，将在下一周期重试
2025-11-28 22:36:38,297 - INFO - 下次检查时间: 2025-11-29 03:36:38.297613
2025-11-28 22:46:53,796 - INFO - ==================================================
2025-11-28 22:46:53,797 - INFO - 开始执行登录检查 - 2025-11-28 22:46:53.797917
2025-11-28 22:46:58,434 - INFO - 检测到已登录状态，执行注销...
2025-11-28 22:47:00,475 - INFO - 注销成功
2025-11-28 22:47:04,505 - INFO - 开始登录...
2025-11-28 22:47:04,515 - INFO - 输入用户名: 6212
2025-11-28 22:47:04,821 - INFO - 输入密码: ******
2025-11-28 22:47:05,123 - INFO - 提交登录请求...
2025-11-28 22:47:13,135 - INFO - 登录成功！
2025-11-28 22:47:13,135 - INFO - 登录周期完成，等待下一次检查
2025-11-28 22:51:46,169 - INFO - 网络自动登录脚本启动
2025-11-28 22:51:46,171 - INFO - 检查间隔: 5.0 小时
2025-11-28 22:51:46,171 - INFO - ==================================================
2025-11-28 22:51:46,171 - INFO - 开始执行登录检查 - 2025-11-28 22:51:46.171451
2025-11-28 22:51:51,033 - INFO - 检测到已登录状态，执行注销...
2025-11-28 22:51:53,077 - INFO - 注销成功
2025-11-28 22:51:57,115 - INFO - 开始登录...
2025-11-28 22:51:57,125 - INFO - 输入用户名: 6212
2025-11-28 22:51:57,430 - INFO - 输入密码: ******
2025-11-28 22:51:57,732 - INFO - 提交登录请求...
2025-11-28 22:52:05,746 - INFO - 登录成功！
2025-11-28 22:52:05,746 - INFO - 登录周期完成，等待下一次检查
2025-11-28 22:52:07,982 - INFO - 下次检查时间: 2025-11-29 03:52:07.982705
2025-11-28 22:54:47,599 - INFO - ==================================================

